::1 - - [19/Nov/2025 16:00:27] "GET / HTTP/1.1" 200 -
::1 - - [19/Nov/2025 16:00:27] "GET /styles.css HTTP/1.1" 200 -
::1 - - [19/Nov/2025 16:00:27] "GET /script.js HTTP/1.1" 200 -
::1 - - [19/Nov/2025 16:00:36] "GET /script.js HTTP/1.1" 304 -
::1 - - [19/Nov/2025 16:01:26] "GET /index.html HTTP/1.1" 200 -
::1 - - [19/Nov/2025 16:01:26] "GET /styles.css HTTP/1.1" 200 -
::1 - - [19/Nov/2025 16:01:26] "GET /anime.min.js HTTP/1.1" 200 -
::1 - - [19/Nov/2025 16:01:26] "GET /script.js HTTP/1.1" 200 -
::1 - - [19/Nov/2025 16:01:26] code 404, message File not found
::1 - - [19/Nov/2025 16:01:26] "GET /favicon.ico HTTP/1.1" 404 -
::1 - - [19/Nov/2025 16:02:15] code 404, message File not found
::1 - - [19/Nov/2025 16:02:15] "GET /.well-known/appspecific/com.chrome.devtools.json HTTP/1.1" 404 -
::1 - - [19/Nov/2025 16:19:46] "GET /index.html HTTP/1.1" 304 -
::1 - - [19/Nov/2025 16:19:46] "GET /styles.css HTTP/1.1" 304 -
::1 - - [19/Nov/2025 16:19:46] "GET /anime.min.js HTTP/1.1" 304 -
::1 - - [19/Nov/2025 16:19:46] "GET /script.js HTTP/1.1" 200 -
::1 - - [19/Nov/2025 16:20:18] "GET /script.js HTTP/1.1" 304 -
::1 - - [19/Nov/2025 16:22:44] code 404, message File not found
::1 - - [19/Nov/2025 16:22:44] "GET /.well-known/appspecific/com.chrome.devtools.json HTTP/1.1" 404 -
::1 - - [19/Nov/2025 16:23:45] "GET /index.html HTTP/1.1" 304 -
::1 - - [19/Nov/2025 16:23:45] "GET /styles.css HTTP/1.1" 304 -
::1 - - [19/Nov/2025 16:23:45] "GET /script.js HTTP/1.1" 200 -
::1 - - [19/Nov/2025 16:23:45] "GET /anime.min.js HTTP/1.1" 304 -
::1 - - [19/Nov/2025 16:24:16] "GET /script.js HTTP/1.1" 304 -
::1 - - [19/Nov/2025 16:25:39] code 404, message File not found
::1 - - [19/Nov/2025 16:25:39] "GET /.well-known/appspecific/com.chrome.devtools.json HTTP/1.1" 404 -
::1 - - [19/Nov/2025 16:27:28] "GET /index.html HTTP/1.1" 304 -
::1 - - [19/Nov/2025 16:27:28] "GET /anime.min.js HTTP/1.1" 304 -
::1 - - [19/Nov/2025 16:27:28] "GET /script.js HTTP/1.1" 200 -
::1 - - [19/Nov/2025 16:30:10] "GET /index.html HTTP/1.1" 200 -
::1 - - [19/Nov/2025 16:30:10] "GET /styles.css HTTP/1.1" 304 -
::1 - - [19/Nov/2025 16:30:10] "GET /script.js HTTP/1.1" 200 -
::1 - - [19/Nov/2025 16:30:10] "GET /anime.min.js HTTP/1.1" 304 -
::1 - - [19/Nov/2025 16:31:53] "GET / HTTP/1.1" 200 -
::1 - - [19/Nov/2025 16:31:53] "GET /anime.min.js HTTP/1.1" 200 -
::1 - - [19/Nov/2025 16:31:53] "GET /styles.css HTTP/1.1" 304 -
::1 - - [19/Nov/2025 16:31:53] "GET /script.js HTTP/1.1" 200 -
::1 - - [19/Nov/2025 16:32:12] code 404, message File not found
::1 - - [19/Nov/2025 16:32:12] "GET /.well-known/appspecific/com.chrome.devtools.json HTTP/1.1" 404 -
